{z{{{{z{{z{zz|}{|~~}|~}~~~zz}~~~~~}zz{zz~~}{|}|z}z|}zzzz|}{|{~~~~~~}~|~{~~|zzzz|}z{{{{{{{{z{zz{zz{|{{z{|
{{{z{{z{{{{{{{zz|z}{~|
{{{z{{z{{{{{{{zz|z}{~|
{{{z{{z{{{{|{zz|z}{~|
{{{z{{z{{{{|{zz|z}{~|
{{{z{{z{{{{{|zz|z}{~|
{{{z{{z{{{{{|zz|z}{~|
{{{z{{z{}{{z{|zz|z{|}z~
{{{z{{z{}{{z{|zz|z{|}z~
{{{z{{z{}{{z{zz|z{|}z~
{{{z{{z{}{{z{zz|z{|}z~
{{{z{{z{}{{{zz|z{|}z~
{{{z{{z{}{{{zz|z{|}z~
{{{z{{z{~{{{{~zz|zz~
{{{z{{z{~{{{{~zz|zz~
{{{z{{z{{{{zz|z}{~|
{{{z{{z{{{{zz|z}{~|
{{{z{{{{{~{|zz|z}~zz}z|}~}}
{{{z{{{{{z{zz|z}~zz}z|}~}}
{{{z{{{{{{}zz|z~|}{
{{{{{{z{{{{|{~zz|z{|}z~
{{{{{{z{{{{|{~zz|z{|}z~
{{{{{{z{{{{~{zz|z}{~|
{{{{{{z{{{{~{zz|z}{~|
{{{{{{z{|{{z{|zz|z}z|
{{{{{{z{{{z{|zz|z}{{}}
{{{{{{|{|{{{{}zz|z}{{}}
{{{{{{}{{{{{zz|z}{{}}
{{{{{{~{{{~{zzz|}{|~~}|~}~~~zz}~~~~~}zz{zz~~}{|}|z}z|}zzzz|}{|{~~~~~~}~|~{~~|zzzz|}z{{{{{{{{z{zz{zz{|{{z{|
