{{{z{{|{{{z{|zz|}{|~~}|~}~~~zz}~~~~~}zz{{{zzz~~}{|}|{}z|}|z|||zzzz|}{|}~{z~~z|||zzzz|}z{{{{{|z{zz{zz{|{
{{{z{{|{{{z{}zz||||{|}|zz|~||{{{{|{{{{{{x
{{{z{{|{{{z{}zz||||{|}|zz|~||{{{{|{{{{{x
{{{z{{|{{{z{}zz||||{|}|zz|~||{{{{|{{{{}{{x
{{{z{{|{{{z{}zz||||{|}|zz|~||{{{{|{{{{z{{x
{{{z{{|{{{z{}zz||||{|}|zz|~||{{{{|{{{{~{x
{{{z{{|{{{z{}zz||||{|}|zz|~||{{{{|{{{{|{x
{{{z{{|{{{z{}zz||||{|}|zz|~||{{|{{{{z{~{x
{{{z{{|{{{z{}zz||||{|}|zz|~||{{|{{{~{{{{}x
{{{z{{|{{{z{}zz||||{|}|zz|~||{{|{{{}{|{{{x
{{{z{{|{{{z{}zz||||{|}|zz|~||{{|{{{}{{{}x
{{{z{{|{{{z{}zz||||{|}|zz|~||{{|{{{{{z{z{zx
{{{z{{|{{{z{}zz||||{|}|zz|~||{{|{{{{{~{{x
{{{z{{~{{{|{zz|z}{~|
{{{z{{~{{{|{zz|z}{~|
{{{|{{~{{{~{zz|}{|~~}|~}~~~zz}~~~~~}zz{{{zzz~~}{|}|{}z|}|z|||zzzz|}{|}~{z~~z|||zzzz|}z{{{{{|z{zz{zz{|{
{{{|{{~{{{{zzz||||{|}|zz|~||{{{{|{{{{{{x
{{{|{{~{{{{zzz||||{|}|zz|~||{{{{|{{{{{x
{{{|{{~{{{{zzz||||{|}|zz|~||{{{{|{{{{}{{x
{{{|{{~{{{{zzz||||{|}|zz|~||{{{{|{{{{z{{x
{{{|{{~{{{{zzz||||{|}|zz|~||{{{{|{{{{~{x
{{{|{{~{{{{zzz||||{|}|zz|~||{{{{|{{{{|{x
{{{|{{~{{{{zzz||||{|}|zz|~||{{|{{{{z{~{x
{{{|{{~{{{{zzz||||{|}|zz|~||{{|{{{~{{{{}x
{{{|{{~{{{{zzz||||{|}|zz|~||{{|{{{}{|{{{x
{{{|{{~{{{{zzz||||{|}|zz|~||{{|{{{}{{{}x
{{{|{{~{{{{zzz||||{|}|zz|~||{{|{{{{{z{z{zx
{{{|{{~{{{{zzz||||{|}|zz|~||{{|{{{{{~{{x
{{{}{{{{{~{~zz|z}z|
{{{}{{{{{{zz|z}z|
{{{}{{{{{|{~zz|z}z|
{{{~{{~{|{{{|zz|z}{~|
{{{~{{~{|{{{|zz|z}{~|
{{{~{{~{}{{}{{zz|z}{~|
{{{~{{~{}{{}{{zz|z}{~|
{{{~{{~{{{|{zzz|z}{~|
{{{~{{~{{{|{zzz|z}{~|
{{{~{{~{{{{zz|z}{{}}
{{{~{{~{{{z{zz|z{|}z~
{{{~{{~{{{z{zz|z{|}z~
{{{~{{~{{{~{|zz|z}{~|
{{{~{{~{{{~{|zz|z}{~|
{{{~{{{{{|{{zz|z}{~|
{{{~{{{{{|{{zz|z}{~|
{{{~{{{{{}{~zz|z}{~|
{{{~{{{{{}{~zz|z}{~|
{{{~{{{{{}{zz|z}{~|
{{{~{{{{{}{zz|z}{~|
{{{~{{{{{|{zz|z}{~|
{{{~{{{{{|{zz|z}{~|
{{{{{z{z{{z{{zz|z}{~|
{{{{{z{z{{z{{zz|z}{~|
{{{{{z{~{{z{~zz|z}{~|
{{{{{z{~{{z{~zz|z}{~|
{{{{{z{{{z{zz|zz
{{{{{{{{{}{zz|z}{~|
{{{{{{{{{}{zz|z}{~|
{{{{{}{z{{}{{zz|z}{~|
{{{{{}{z{{}{|zz|z}{~|
{{{{{{{{{zz|z}{~|
{{{{{{{{{zz|z}{~|
{{{{{{{{z{|zz|z}{~|
{{{{{{{{z{|zz|z}{~|
{{{{{z{{{{{{zz|z}{~|
{{{{{z{{{{{{zz|z}{~|
{{{{{z{}{{z{zz|z|{|z}~zz~
{{{{{z{}{{z{zz|z|{|z}~zz~
{{{{{z{{{{{zzz|z}{~|
{{{{{z{{{{{zzz|z}{~|
{{{{{|{{{|{zz|z|{|z}~zz~
{{{{{|{{{|{zz|z|{|z}~zz~
{{{{{}{|{{{{{zz|z}{~|
{{{{{}{|{{{{{zz|z}{~|
{{{{{}{}{{z{zz|z}{{}}
{{{{{~{|{{z{zz|z
{{{{{{}{{z{}zz|zz{z}
{{{{{{}{{z{}zz|zz{z}
{{{{{{}{{{{zz|zz{z}
{{{{{{}{{{{zz|zz{z}
{{{{{z{{{}{zz|z}z|
{{{{{~{{{{~{~zz|z}z|
{{{{{~{|{{{{{zz|z}z|
