{{{{{}{~{{~{zz|}{|~~}|~}~~~zz}~~~~~}zz{{{zzz~~}{|}|{}z|}|z|||zzzz|}{|}~{z~~z|||zzzz|}z{{{{{{~{z{zz{zz{|{~{z{z
{{{{{}{{{{{}zz|z}}~}
{{{{{}{{{{{}zz|z}}~}
{{{{{}{{{|{zz|z{}{}z
{{{{{}{{{|{zz|z{}{}z
{{{{{}{{{}{{zz|z}}~}
{{{{{}{{{}{|zz|z}}~}
{{{{{}{{{z{|zz|z|||}
{{{{{}{{{z{|zz|z|||}
{{{{{}{{{|{zz|z{}{}z
{{{{{}{{{|{zz|z{}{}z
{{{{{}{{{|{zz|z{}{}z
{{{{{}{{{|{zz|z{}{}z
{{{{{}{{{|{zz|z{}{}z
{{{{{}{{{|{zz|z{}{}z
{{{{{}{{{|{zz|z{}{}z
{{{{{}{{{|{zz|z{}{}z
{{{{{}{{{}{zzz|z{}{}z
{{{{{}{{{}{zzz|z{}{}z
{{{{{}{{{}{{zz|z{}{}z
{{{{{}{{{}{{zz|z{}{}z
{{{{{}{{{}{zz|z~zz|}
{{{{{}{{{}{zz|z~zz|}
{{{{{}{{{~{|zz|z|||}
{{{{{}{{{~{}zz|z|||}
{{{{{}{{{}{zz|}{|~~}|~}~~~zz}~~~~~}zz{{{zzz~~}{|}|{}z|}|z|||zzzz|}{|}~{z~~z|||zzzz|}z{{{{{|z{zz{zz{|{
{{{{{~{z{{}{zzz|}{|~~}|~}~~~zz}~~~~~}zz{{{zzz~~}{|}|{}z|}|z|||zzzz|}{|}~{z~~z|||zzzz|}z{{{{{|z{zz{zz{|{
{{{{{{{z{{{{zz|z}~zz}z|}~}}
{{{{{{{z{{|{zzz|z}~zz}z|}z~|}}
{{{{{{{}{{z{zz|}{|~~}|~}~~~zz}~~~~~}zz{{{zzz~~}{|}|{}z|}|z|||zzzz|}{|}~{z~~z|||zzzz|}z{{{{{|z{zz{zz{|{
{{{{{{{}{{}{|zz|z}}~}
{{{{{{{}{{}{}zz|z}}~}
{{{{{{{~{{{{}zz|}{|~~}|~}~~~zz}~~~~~}zz{{{zzz~~}{|}|{}z|}|z|||zzzz|}{|}~{z~~z|||zzzz|}z{{{{{|z{zz{zz{|{
{{{{{{{~{{~{zz|z~{z}
{{{{{{{~{{{zz|z}}~}
{{{{{{{~{{{zz|z}}~}
